0 info it worked if it ends with ok
1 verbose cli [ '/Users/aman/.meteor/packages/meteor-tool/.1.4.2_3.v59dpp.9v7++os.osx.x86_64+web.browser+web.cordova/mt-os.osx.x86_64/dev_bundle/bin/node',
1 verbose cli   '/Users/aman/.meteor/packages/meteor-tool/.1.4.2_3.v59dpp.9v7++os.osx.x86_64+web.browser+web.cordova/mt-os.osx.x86_64/dev_bundle/bin/npm',
1 verbose cli   'install' ]
2 info using npm@3.10.9
3 info using node@v4.6.2
4 silly loadCurrentTree Starting
5 silly install loadCurrentTree
6 silly install readLocalPackageData
7 silly install normalizeTree
8 silly loadCurrentTree Finishing
9 silly loadIdealTree Starting
10 silly install loadIdealTree
11 silly cloneCurrentTree Starting
12 silly install cloneCurrentTreeToIdealTree
13 silly cloneCurrentTree Finishing
14 silly loadShrinkwrap Starting
15 silly install loadShrinkwrap
16 silly loadShrinkwrap Finishing
17 silly loadAllDepsIntoIdealTree Starting
18 silly install loadAllDepsIntoIdealTree
19 silly fetchNamedPackageData bcrypt
20 silly mapToRegistry name bcrypt
21 silly mapToRegistry using default registry
22 silly mapToRegistry registry https://registry.npmjs.org/
23 silly mapToRegistry data Result {
23 silly mapToRegistry   raw: 'bcrypt',
23 silly mapToRegistry   scope: null,
23 silly mapToRegistry   escapedName: 'bcrypt',
23 silly mapToRegistry   name: 'bcrypt',
23 silly mapToRegistry   rawSpec: '',
23 silly mapToRegistry   spec: 'latest',
23 silly mapToRegistry   type: 'tag' }
24 silly mapToRegistry uri https://registry.npmjs.org/bcrypt
25 verbose request uri https://registry.npmjs.org/bcrypt
26 verbose request no auth needed
27 info attempt registry request try #1 at 12:08:01 PM
28 verbose request id e3fad94123ec96f4
29 verbose etag W/"880b1fa01b581667b7c2a88ed62700f7"
30 verbose lastModified Mon, 08 Jun 2020 10:01:27 GMT
31 http request GET https://registry.npmjs.org/bcrypt
32 http 304 https://registry.npmjs.org/bcrypt
33 verbose headers { date: 'Sun, 14 Jun 2020 06:38:02 GMT',
33 verbose headers   connection: 'keep-alive',
33 verbose headers   'set-cookie': [ '__cfduid=dbcd349dd855dbbc0a7d99ceddf015ae51592116682; expires=Tue, 14-Jul-20 06:38:02 GMT; path=/; domain=.npmjs.org; HttpOnly; SameSite=Lax' ],
33 verbose headers   'cf-ray': '5a320bcffa36e322-CCU',
33 verbose headers   age: '6260',
33 verbose headers   'cache-control': 'public, max-age=300',
33 verbose headers   etag: '"880b1fa01b581667b7c2a88ed62700f7"',
33 verbose headers   'last-modified': 'Mon, 08 Jun 2020 10:01:27 GMT',
33 verbose headers   vary: 'Accept-Encoding',
33 verbose headers   'cf-cache-status': 'HIT',
33 verbose headers   'cf-request-id': '035325b5fc0000e32267aff200000001',
33 verbose headers   'expect-ct': 'max-age=604800, report-uri="https://report-uri.cloudflare.com/cdn-cgi/beacon/expect-ct"',
33 verbose headers   server: 'cloudflare' }
34 silly get cb [ 304,
34 silly get   { date: 'Sun, 14 Jun 2020 06:38:02 GMT',
34 silly get     connection: 'keep-alive',
34 silly get     'set-cookie': [ '__cfduid=dbcd349dd855dbbc0a7d99ceddf015ae51592116682; expires=Tue, 14-Jul-20 06:38:02 GMT; path=/; domain=.npmjs.org; HttpOnly; SameSite=Lax' ],
34 silly get     'cf-ray': '5a320bcffa36e322-CCU',
34 silly get     age: '6260',
34 silly get     'cache-control': 'public, max-age=300',
34 silly get     etag: '"880b1fa01b581667b7c2a88ed62700f7"',
34 silly get     'last-modified': 'Mon, 08 Jun 2020 10:01:27 GMT',
34 silly get     vary: 'Accept-Encoding',
34 silly get     'cf-cache-status': 'HIT',
34 silly get     'cf-request-id': '035325b5fc0000e32267aff200000001',
34 silly get     'expect-ct': 'max-age=604800, report-uri="https://report-uri.cloudflare.com/cdn-cgi/beacon/expect-ct"',
34 silly get     server: 'cloudflare' } ]
35 verbose etag https://registry.npmjs.org/bcrypt from cache
36 verbose get saving bcrypt to /Users/aman/.npm/registry.npmjs.org/bcrypt/.cache.json
37 verbose correctMkdir /Users/aman/.npm correctMkdir not in flight; initializing
38 silly resolveWithNewModule bcrypt@0.8.7 checking installable status
39 silly cache add args [ 'bcrypt@^0.8.7', null ]
40 verbose cache add spec bcrypt@^0.8.7
41 silly cache add parsed spec Result {
41 silly cache add   raw: 'bcrypt@^0.8.7',
41 silly cache add   scope: null,
41 silly cache add   escapedName: 'bcrypt',
41 silly cache add   name: 'bcrypt',
41 silly cache add   rawSpec: '^0.8.7',
41 silly cache add   spec: '>=0.8.7 <0.9.0',
41 silly cache add   type: 'range' }
42 silly addNamed bcrypt@>=0.8.7 <0.9.0
43 verbose addNamed ">=0.8.7 <0.9.0" is a valid semver range for bcrypt
44 silly addNameRange { name: 'bcrypt', range: '>=0.8.7 <0.9.0', hasData: false }
45 silly mapToRegistry name bcrypt
46 silly mapToRegistry using default registry
47 silly mapToRegistry registry https://registry.npmjs.org/
48 silly mapToRegistry data Result {
48 silly mapToRegistry   raw: 'bcrypt',
48 silly mapToRegistry   scope: null,
48 silly mapToRegistry   escapedName: 'bcrypt',
48 silly mapToRegistry   name: 'bcrypt',
48 silly mapToRegistry   rawSpec: '',
48 silly mapToRegistry   spec: 'latest',
48 silly mapToRegistry   type: 'tag' }
49 silly mapToRegistry uri https://registry.npmjs.org/bcrypt
50 verbose addNameRange registry:https://registry.npmjs.org/bcrypt not in flight; fetching
51 verbose get https://registry.npmjs.org/bcrypt not expired, no request
52 silly addNameRange number 2 { name: 'bcrypt', range: '>=0.8.7 <0.9.0', hasData: true }
53 silly addNameRange versions [ 'bcrypt',
53 silly addNameRange   [ '0.1.2',
53 silly addNameRange     '0.2.0',
53 silly addNameRange     '0.2.1',
53 silly addNameRange     '0.1.3',
53 silly addNameRange     '0.2.2',
53 silly addNameRange     '0.2.3',
53 silly addNameRange     '0.2.4',
53 silly addNameRange     '0.3.0',
53 silly addNameRange     '0.3.1',
53 silly addNameRange     '0.3.2',
53 silly addNameRange     '0.4.0',
53 silly addNameRange     '0.4.1',
53 silly addNameRange     '0.5.0',
53 silly addNameRange     '0.6.0',
53 silly addNameRange     '0.7.0',
53 silly addNameRange     '0.7.1',
53 silly addNameRange     '0.7.2',
53 silly addNameRange     '0.7.3',
53 silly addNameRange     '0.7.4',
53 silly addNameRange     '0.7.5',
53 silly addNameRange     '0.7.6',
53 silly addNameRange     '0.7.7',
53 silly addNameRange     '0.7.8',
53 silly addNameRange     '0.8.0',
53 silly addNameRange     '0.8.1',
53 silly addNameRange     '0.8.2',
53 silly addNameRange     '0.8.3',
53 silly addNameRange     '0.8.4',
53 silly addNameRange     '0.8.5',
53 silly addNameRange     '0.8.6',
53 silly addNameRange     '0.8.7',
53 silly addNameRange     '1.0.0',
53 silly addNameRange     '1.0.1',
53 silly addNameRange     '1.0.2',
53 silly addNameRange     '1.0.3',
53 silly addNameRange     '1.1.0-napi',
53 silly addNameRange     '2.0.0',
53 silly addNameRange     '2.0.1',
53 silly addNameRange     '3.0.0',
53 silly addNameRange     '3.0.1',
53 silly addNameRange     '3.0.2',
53 silly addNameRange     '3.0.3',
53 silly addNameRange     '3.0.4',
53 silly addNameRange     '3.0.4-napi',
53 silly addNameRange     '3.0.5',
53 silly addNameRange     '3.0.6',
53 silly addNameRange     '3.0.7',
53 silly addNameRange     '3.0.8',
53 silly addNameRange     '4.0.0',
53 silly addNameRange     '4.0.1',
53 silly addNameRange     '5.0.0' ] ]
54 silly addNamed bcrypt@0.8.7
55 verbose addNamed "0.8.7" is a plain semver version for bcrypt
56 warn deprecated bcrypt@0.8.7: bcrypt < v2.0.0 is susceptible to bcrypt wrap-around bug. Upgrade to bcrypt >= v2.0.0 for improved support for newer bcrypt hashes
57 silly cache afterAdd bcrypt@0.8.7
58 verbose afterAdd /Users/aman/.npm/bcrypt/0.8.7/package/package.json not in flight; writing
59 verbose correctMkdir /Users/aman/.npm correctMkdir not in flight; initializing
60 verbose afterAdd /Users/aman/.npm/bcrypt/0.8.7/package/package.json written
61 silly fetchNamedPackageData bindings
62 silly mapToRegistry name bindings
63 silly mapToRegistry using default registry
64 silly mapToRegistry registry https://registry.npmjs.org/
65 silly mapToRegistry data Result {
65 silly mapToRegistry   raw: 'bindings',
65 silly mapToRegistry   scope: null,
65 silly mapToRegistry   escapedName: 'bindings',
65 silly mapToRegistry   name: 'bindings',
65 silly mapToRegistry   rawSpec: '',
65 silly mapToRegistry   spec: 'latest',
65 silly mapToRegistry   type: 'tag' }
66 silly mapToRegistry uri https://registry.npmjs.org/bindings
67 silly fetchNamedPackageData nan
68 silly mapToRegistry name nan
69 silly mapToRegistry using default registry
70 silly mapToRegistry registry https://registry.npmjs.org/
71 silly mapToRegistry data Result {
71 silly mapToRegistry   raw: 'nan',
71 silly mapToRegistry   scope: null,
71 silly mapToRegistry   escapedName: 'nan',
71 silly mapToRegistry   name: 'nan',
71 silly mapToRegistry   rawSpec: '',
71 silly mapToRegistry   spec: 'latest',
71 silly mapToRegistry   type: 'tag' }
72 silly mapToRegistry uri https://registry.npmjs.org/nan
73 verbose request uri https://registry.npmjs.org/bindings
74 verbose request no auth needed
75 info attempt registry request try #1 at 12:08:02 PM
76 verbose etag W/"8dfe34716157e36596b3ba5e5fcfb617"
77 verbose lastModified Wed, 27 Feb 2019 22:54:48 GMT
78 http request GET https://registry.npmjs.org/bindings
79 verbose request uri https://registry.npmjs.org/nan
80 verbose request no auth needed
81 info attempt registry request try #1 at 12:08:02 PM
82 verbose etag W/"65e39fae07d9be22dea97fea70f4ccb0"
83 verbose lastModified Tue, 21 Apr 2020 19:00:05 GMT
84 http request GET https://registry.npmjs.org/nan
85 http 304 https://registry.npmjs.org/bindings
86 verbose headers { date: 'Sun, 14 Jun 2020 06:38:02 GMT',
86 verbose headers   connection: 'keep-alive',
86 verbose headers   'set-cookie': [ '__cfduid=dbcd349dd855dbbc0a7d99ceddf015ae51592116682; expires=Tue, 14-Jul-20 06:38:02 GMT; path=/; domain=.npmjs.org; HttpOnly; SameSite=Lax' ],
86 verbose headers   'cf-ray': '5a320bd0ec3ee322-CCU',
86 verbose headers   age: '5031',
86 verbose headers   'cache-control': 'public, max-age=300',
86 verbose headers   etag: '"8dfe34716157e36596b3ba5e5fcfb617"',
86 verbose headers   'last-modified': 'Wed, 27 Feb 2019 22:54:48 GMT',
86 verbose headers   vary: 'Accept-Encoding',
86 verbose headers   'cf-cache-status': 'HIT',
86 verbose headers   'cf-request-id': '035325b6910000e32267b06200000001',
86 verbose headers   'expect-ct': 'max-age=604800, report-uri="https://report-uri.cloudflare.com/cdn-cgi/beacon/expect-ct"',
86 verbose headers   server: 'cloudflare' }
87 silly get cb [ 304,
87 silly get   { date: 'Sun, 14 Jun 2020 06:38:02 GMT',
87 silly get     connection: 'keep-alive',
87 silly get     'set-cookie': [ '__cfduid=dbcd349dd855dbbc0a7d99ceddf015ae51592116682; expires=Tue, 14-Jul-20 06:38:02 GMT; path=/; domain=.npmjs.org; HttpOnly; SameSite=Lax' ],
87 silly get     'cf-ray': '5a320bd0ec3ee322-CCU',
87 silly get     age: '5031',
87 silly get     'cache-control': 'public, max-age=300',
87 silly get     etag: '"8dfe34716157e36596b3ba5e5fcfb617"',
87 silly get     'last-modified': 'Wed, 27 Feb 2019 22:54:48 GMT',
87 silly get     vary: 'Accept-Encoding',
87 silly get     'cf-cache-status': 'HIT',
87 silly get     'cf-request-id': '035325b6910000e32267b06200000001',
87 silly get     'expect-ct': 'max-age=604800, report-uri="https://report-uri.cloudflare.com/cdn-cgi/beacon/expect-ct"',
87 silly get     server: 'cloudflare' } ]
88 verbose etag https://registry.npmjs.org/bindings from cache
89 verbose get saving bindings to /Users/aman/.npm/registry.npmjs.org/bindings/.cache.json
90 verbose correctMkdir /Users/aman/.npm correctMkdir not in flight; initializing
91 silly resolveWithNewModule bindings@1.2.1 checking installable status
92 silly cache add args [ 'bindings@1.2.1', null ]
93 verbose cache add spec bindings@1.2.1
94 silly cache add parsed spec Result {
94 silly cache add   raw: 'bindings@1.2.1',
94 silly cache add   scope: null,
94 silly cache add   escapedName: 'bindings',
94 silly cache add   name: 'bindings',
94 silly cache add   rawSpec: '1.2.1',
94 silly cache add   spec: '1.2.1',
94 silly cache add   type: 'version' }
95 silly addNamed bindings@1.2.1
96 verbose addNamed "1.2.1" is a plain semver version for bindings
97 silly mapToRegistry name bindings
98 silly mapToRegistry using default registry
99 silly mapToRegistry registry https://registry.npmjs.org/
100 silly mapToRegistry data Result {
100 silly mapToRegistry   raw: 'bindings',
100 silly mapToRegistry   scope: null,
100 silly mapToRegistry   escapedName: 'bindings',
100 silly mapToRegistry   name: 'bindings',
100 silly mapToRegistry   rawSpec: '',
100 silly mapToRegistry   spec: 'latest',
100 silly mapToRegistry   type: 'tag' }
101 silly mapToRegistry uri https://registry.npmjs.org/bindings
102 verbose addNameVersion registry:https://registry.npmjs.org/bindings not in flight; fetching
103 verbose get https://registry.npmjs.org/bindings not expired, no request
104 silly cache afterAdd bindings@1.2.1
105 verbose afterAdd /Users/aman/.npm/bindings/1.2.1/package/package.json not in flight; writing
106 verbose correctMkdir /Users/aman/.npm correctMkdir not in flight; initializing
107 verbose afterAdd /Users/aman/.npm/bindings/1.2.1/package/package.json written
108 http 304 https://registry.npmjs.org/nan
109 verbose headers { date: 'Sun, 14 Jun 2020 06:38:02 GMT',
109 verbose headers   connection: 'keep-alive',
109 verbose headers   'set-cookie': [ '__cfduid=dbd2c593ecadaf4f1ca695513bf1d83871592116682; expires=Tue, 14-Jul-20 06:38:02 GMT; path=/; domain=.npmjs.org; HttpOnly; SameSite=Lax' ],
109 verbose headers   'cf-ray': '5a320bd1dc76e30e-CCU',
109 verbose headers   age: '5031',
109 verbose headers   'cache-control': 'public, max-age=300',
109 verbose headers   etag: '"65e39fae07d9be22dea97fea70f4ccb0"',
109 verbose headers   'last-modified': 'Tue, 21 Apr 2020 19:00:05 GMT',
109 verbose headers   vary: 'Accept-Encoding',
109 verbose headers   'cf-cache-status': 'HIT',
109 verbose headers   'cf-request-id': '035325b7220000e30e678bb200000001',
109 verbose headers   'expect-ct': 'max-age=604800, report-uri="https://report-uri.cloudflare.com/cdn-cgi/beacon/expect-ct"',
109 verbose headers   server: 'cloudflare' }
110 silly get cb [ 304,
110 silly get   { date: 'Sun, 14 Jun 2020 06:38:02 GMT',
110 silly get     connection: 'keep-alive',
110 silly get     'set-cookie': [ '__cfduid=dbd2c593ecadaf4f1ca695513bf1d83871592116682; expires=Tue, 14-Jul-20 06:38:02 GMT; path=/; domain=.npmjs.org; HttpOnly; SameSite=Lax' ],
110 silly get     'cf-ray': '5a320bd1dc76e30e-CCU',
110 silly get     age: '5031',
110 silly get     'cache-control': 'public, max-age=300',
110 silly get     etag: '"65e39fae07d9be22dea97fea70f4ccb0"',
110 silly get     'last-modified': 'Tue, 21 Apr 2020 19:00:05 GMT',
110 silly get     vary: 'Accept-Encoding',
110 silly get     'cf-cache-status': 'HIT',
110 silly get     'cf-request-id': '035325b7220000e30e678bb200000001',
110 silly get     'expect-ct': 'max-age=604800, report-uri="https://report-uri.cloudflare.com/cdn-cgi/beacon/expect-ct"',
110 silly get     server: 'cloudflare' } ]
111 verbose etag https://registry.npmjs.org/nan from cache
112 verbose get saving nan to /Users/aman/.npm/registry.npmjs.org/nan/.cache.json
113 verbose correctMkdir /Users/aman/.npm correctMkdir not in flight; initializing
114 silly resolveWithNewModule nan@2.3.5 checking installable status
115 silly cache add args [ 'nan@2.3.5', null ]
116 verbose cache add spec nan@2.3.5
117 silly cache add parsed spec Result {
117 silly cache add   raw: 'nan@2.3.5',
117 silly cache add   scope: null,
117 silly cache add   escapedName: 'nan',
117 silly cache add   name: 'nan',
117 silly cache add   rawSpec: '2.3.5',
117 silly cache add   spec: '2.3.5',
117 silly cache add   type: 'version' }
118 silly addNamed nan@2.3.5
119 verbose addNamed "2.3.5" is a plain semver version for nan
120 silly mapToRegistry name nan
121 silly mapToRegistry using default registry
122 silly mapToRegistry registry https://registry.npmjs.org/
123 silly mapToRegistry data Result {
123 silly mapToRegistry   raw: 'nan',
123 silly mapToRegistry   scope: null,
123 silly mapToRegistry   escapedName: 'nan',
123 silly mapToRegistry   name: 'nan',
123 silly mapToRegistry   rawSpec: '',
123 silly mapToRegistry   spec: 'latest',
123 silly mapToRegistry   type: 'tag' }
124 silly mapToRegistry uri https://registry.npmjs.org/nan
125 verbose addNameVersion registry:https://registry.npmjs.org/nan not in flight; fetching
126 verbose get https://registry.npmjs.org/nan not expired, no request
127 silly cache afterAdd nan@2.3.5
128 verbose afterAdd /Users/aman/.npm/nan/2.3.5/package/package.json not in flight; writing
129 verbose correctMkdir /Users/aman/.npm correctMkdir not in flight; initializing
130 verbose afterAdd /Users/aman/.npm/nan/2.3.5/package/package.json written
131 silly loadAllDepsIntoIdealTree Finishing
132 silly loadIdealTree Finishing
133 silly currentTree week_3_image_share@1.0.0
133 silly currentTree ├── babel-runtime@6.26.0
133 silly currentTree ├── core-js@2.6.11
133 silly currentTree └── regenerator-runtime@0.11.1
134 silly idealTree week_3_image_share@1.0.0
134 silly idealTree ├── babel-runtime@6.26.0
134 silly idealTree ├── bcrypt@0.8.7
134 silly idealTree ├── bindings@1.2.1
134 silly idealTree ├── core-js@2.6.11
134 silly idealTree ├── nan@2.3.5
134 silly idealTree └── regenerator-runtime@0.11.1
135 silly generateActionsToTake Starting
136 silly install generateActionsToTake
137 silly generateActionsToTake Finishing
138 silly diffTrees action count 3
139 silly diffTrees add bindings@1.2.1
140 silly diffTrees add nan@2.3.5
141 silly diffTrees add bcrypt@0.8.7
142 silly decomposeActions action count 24
143 silly decomposeActions fetch bindings@1.2.1
144 silly decomposeActions extract bindings@1.2.1
145 silly decomposeActions test bindings@1.2.1
146 silly decomposeActions preinstall bindings@1.2.1
147 silly decomposeActions build bindings@1.2.1
148 silly decomposeActions install bindings@1.2.1
149 silly decomposeActions postinstall bindings@1.2.1
150 silly decomposeActions finalize bindings@1.2.1
151 silly decomposeActions fetch nan@2.3.5
152 silly decomposeActions extract nan@2.3.5
153 silly decomposeActions test nan@2.3.5
154 silly decomposeActions preinstall nan@2.3.5
155 silly decomposeActions build nan@2.3.5
156 silly decomposeActions install nan@2.3.5
157 silly decomposeActions postinstall nan@2.3.5
158 silly decomposeActions finalize nan@2.3.5
159 silly decomposeActions fetch bcrypt@0.8.7
160 silly decomposeActions extract bcrypt@0.8.7
161 silly decomposeActions test bcrypt@0.8.7
162 silly decomposeActions preinstall bcrypt@0.8.7
163 silly decomposeActions build bcrypt@0.8.7
164 silly decomposeActions install bcrypt@0.8.7
165 silly decomposeActions postinstall bcrypt@0.8.7
166 silly decomposeActions finalize bcrypt@0.8.7
167 silly runTopLevelLifecycles Starting
168 silly install runPreinstallTopLevelLifecycles
169 silly preinstall week_3_image_share@1.0.0 /Users/aman/Documents/Coursera/WebDev/Meteor/week_3_image_share/week_3_image_share-282cc0af
170 info lifecycle week_3_image_share@1.0.0~preinstall: week_3_image_share@1.0.0
171 silly lifecycle week_3_image_share@1.0.0~preinstall: no script for preinstall, continuing
172 silly executeActions Starting
173 silly install executeActions
174 silly doSerial global-install 0
175 silly doParallel fetch 3
176 verbose correctMkdir /Users/aman/.npm/_locks correctMkdir not in flight; initializing
177 verbose lock using /Users/aman/.npm/_locks/staging-e821de1a8bded54f.lock for /Users/aman/Documents/Coursera/WebDev/Meteor/week_3_image_share/node_modules/.staging
178 silly doParallel extract 3
179 silly extract bindings@1.2.1
180 silly extract nan@2.3.5
181 silly extract bcrypt@0.8.7
182 verbose unbuild node_modules/.staging/bindings-4f70e1d4
183 verbose unbuild node_modules/.staging/nan-45cc6c4b
184 verbose unbuild node_modules/.staging/bcrypt-4cd3353d
185 silly gentlyRm /Users/aman/Documents/Coursera/WebDev/Meteor/week_3_image_share/node_modules/.staging/bindings-4f70e1d4 is being purged from base /Users/aman/Documents/Coursera/WebDev/Meteor/week_3_image_share
186 verbose gentlyRm don't care about contents; nuking /Users/aman/Documents/Coursera/WebDev/Meteor/week_3_image_share/node_modules/.staging/bindings-4f70e1d4
187 silly gentlyRm /Users/aman/Documents/Coursera/WebDev/Meteor/week_3_image_share/node_modules/.staging/nan-45cc6c4b is being purged from base /Users/aman/Documents/Coursera/WebDev/Meteor/week_3_image_share
188 verbose gentlyRm don't care about contents; nuking /Users/aman/Documents/Coursera/WebDev/Meteor/week_3_image_share/node_modules/.staging/nan-45cc6c4b
189 verbose tar unpack /Users/aman/.npm/bindings/1.2.1/package.tgz
190 verbose tar unpacking to /Users/aman/Documents/Coursera/WebDev/Meteor/week_3_image_share/node_modules/.staging/bindings-4f70e1d4
191 silly gentlyRm /Users/aman/Documents/Coursera/WebDev/Meteor/week_3_image_share/node_modules/.staging/bindings-4f70e1d4 is being purged
192 verbose gentlyRm don't care about contents; nuking /Users/aman/Documents/Coursera/WebDev/Meteor/week_3_image_share/node_modules/.staging/bindings-4f70e1d4
193 silly gentlyRm /Users/aman/Documents/Coursera/WebDev/Meteor/week_3_image_share/node_modules/.staging/bcrypt-4cd3353d is being purged from base /Users/aman/Documents/Coursera/WebDev/Meteor/week_3_image_share
194 verbose gentlyRm don't care about contents; nuking /Users/aman/Documents/Coursera/WebDev/Meteor/week_3_image_share/node_modules/.staging/bcrypt-4cd3353d
195 verbose tar unpack /Users/aman/.npm/nan/2.3.5/package.tgz
196 verbose tar unpacking to /Users/aman/Documents/Coursera/WebDev/Meteor/week_3_image_share/node_modules/.staging/nan-45cc6c4b
197 silly gentlyRm /Users/aman/Documents/Coursera/WebDev/Meteor/week_3_image_share/node_modules/.staging/nan-45cc6c4b is being purged
198 verbose gentlyRm don't care about contents; nuking /Users/aman/Documents/Coursera/WebDev/Meteor/week_3_image_share/node_modules/.staging/nan-45cc6c4b
199 silly gunzTarPerm modes [ '755', '644' ]
200 verbose tar unpack /Users/aman/.npm/bcrypt/0.8.7/package.tgz
201 verbose tar unpacking to /Users/aman/Documents/Coursera/WebDev/Meteor/week_3_image_share/node_modules/.staging/bcrypt-4cd3353d
202 silly gentlyRm /Users/aman/Documents/Coursera/WebDev/Meteor/week_3_image_share/node_modules/.staging/bcrypt-4cd3353d is being purged
203 verbose gentlyRm don't care about contents; nuking /Users/aman/Documents/Coursera/WebDev/Meteor/week_3_image_share/node_modules/.staging/bcrypt-4cd3353d
204 silly gunzTarPerm modes [ '755', '644' ]
205 silly gunzTarPerm modes [ '755', '644' ]
206 silly gunzTarPerm extractEntry package.json
207 silly gunzTarPerm extractEntry package.json
208 silly gunzTarPerm extractEntry package.json
209 silly gunzTarPerm modified mode [ 'package.json', 436, 420 ]
210 silly gunzTarPerm extractEntry README.md
211 silly gunzTarPerm extractEntry bindings.js
212 silly gunzTarPerm extractEntry .npmignore
213 silly gunzTarPerm extractEntry README.md
214 silly gunzTarPerm extractEntry README.md
215 silly gunzTarPerm modified mode [ 'README.md', 436, 420 ]
216 silly gunzTarPerm extractEntry include_dirs.js
217 silly gunzTarPerm modified mode [ 'include_dirs.js', 436, 420 ]
218 silly gunzTarPerm extractEntry LICENSE
219 silly gunzTarPerm extractEntry bcrypt.js
220 silly gunzTarPerm extractEntry Makefile
221 silly gunzTarPerm extractEntry .travis.yml
222 silly gunzTarPerm extractEntry CHANGELOG.md
223 silly gunzTarPerm extractEntry binding.gyp
224 silly gunzTarPerm extractEntry examples/async_compare.js
225 silly gunzTarPerm extractEntry examples/forever_gen_salt.js
226 silly gunzTarPerm extractEntry test/async.js
227 silly gunzTarPerm extractEntry test/repetitions.js
228 silly gunzTarPerm extractEntry test/sync.js
229 silly gunzTarPerm extractEntry ISSUE_TEMPLATE.md
230 silly gunzTarPerm extractEntry src/bcrypt.cc
231 silly gunzTarPerm extractEntry src/bcrypt_node.cc
232 silly gunzTarPerm extractEntry src/blowfish.cc
233 silly gunzTarPerm extractEntry src/node_blf.h
234 silly gunzTarPerm extractEntry werker.yml
235 silly gunzTarPerm extractEntry nan_converters.h
236 silly gunzTarPerm modified mode [ 'nan_converters.h', 436, 420 ]
237 silly gunzTarPerm extractEntry LICENSE.md
238 silly gunzTarPerm modified mode [ 'LICENSE.md', 436, 420 ]
239 silly gunzTarPerm extractEntry doc/node_misc.md
240 silly gunzTarPerm modified mode [ 'doc/node_misc.md', 436, 420 ]
241 silly gunzTarPerm extractEntry doc/asyncworker.md
242 silly gunzTarPerm modified mode [ 'doc/asyncworker.md', 436, 420 ]
243 silly gunzTarPerm extractEntry doc/callback.md
244 silly gunzTarPerm modified mode [ 'doc/callback.md', 436, 420 ]
245 silly gunzTarPerm extractEntry doc/converters.md
246 silly gunzTarPerm modified mode [ 'doc/converters.md', 436, 420 ]
247 silly gunzTarPerm extractEntry doc/errors.md
248 silly gunzTarPerm modified mode [ 'doc/errors.md', 436, 420 ]
249 silly gunzTarPerm extractEntry doc/maybe_types.md
250 silly gunzTarPerm modified mode [ 'doc/maybe_types.md', 436, 420 ]
251 silly gunzTarPerm extractEntry doc/methods.md
252 silly gunzTarPerm modified mode [ 'doc/methods.md', 436, 420 ]
253 silly gunzTarPerm extractEntry doc/new.md
254 silly gunzTarPerm modified mode [ 'doc/new.md', 436, 420 ]
255 silly gentlyRm /Users/aman/Documents/Coursera/WebDev/Meteor/week_3_image_share/node_modules/.staging/bindings-4f70e1d4/node_modules is being purged
256 verbose gentlyRm don't care about contents; nuking /Users/aman/Documents/Coursera/WebDev/Meteor/week_3_image_share/node_modules/.staging/bindings-4f70e1d4/node_modules
257 silly gunzTarPerm extractEntry doc/buffers.md
258 silly gunzTarPerm modified mode [ 'doc/buffers.md', 436, 420 ]
259 silly gunzTarPerm extractEntry doc/object_wrappers.md
260 silly gunzTarPerm modified mode [ 'doc/object_wrappers.md', 436, 420 ]
261 silly gunzTarPerm extractEntry doc/persistent.md
262 silly gunzTarPerm modified mode [ 'doc/persistent.md', 436, 420 ]
263 silly gunzTarPerm extractEntry doc/scopes.md
264 silly gunzTarPerm modified mode [ 'doc/scopes.md', 436, 420 ]
265 silly gunzTarPerm extractEntry doc/script.md
266 silly gunzTarPerm modified mode [ 'doc/script.md', 436, 420 ]
267 silly gunzTarPerm extractEntry doc/string_bytes.md
268 silly gunzTarPerm modified mode [ 'doc/string_bytes.md', 436, 420 ]
269 silly gunzTarPerm extractEntry doc/v8_internals.md
270 silly gunzTarPerm modified mode [ 'doc/v8_internals.md', 436, 420 ]
271 silly gunzTarPerm extractEntry doc/v8_misc.md
272 silly gunzTarPerm modified mode [ 'doc/v8_misc.md', 436, 420 ]
273 silly gunzTarPerm extractEntry nan.h
274 silly gunzTarPerm modified mode [ 'nan.h', 436, 420 ]
275 silly gunzTarPerm extractEntry nan_callbacks.h
276 silly gunzTarPerm modified mode [ 'nan_callbacks.h', 436, 420 ]
277 silly gunzTarPerm extractEntry nan_callbacks_12_inl.h
278 silly gunzTarPerm modified mode [ 'nan_callbacks_12_inl.h', 436, 420 ]
279 silly gunzTarPerm extractEntry nan_callbacks_pre_12_inl.h
280 silly gunzTarPerm modified mode [ 'nan_callbacks_pre_12_inl.h', 436, 420 ]
281 silly gunzTarPerm extractEntry nan_converters_43_inl.h
282 silly gunzTarPerm modified mode [ 'nan_converters_43_inl.h', 436, 420 ]
283 silly gunzTarPerm extractEntry nan_converters_pre_43_inl.h
284 silly gunzTarPerm modified mode [ 'nan_converters_pre_43_inl.h', 436, 420 ]
285 silly gunzTarPerm extractEntry nan_implementation_12_inl.h
286 silly gunzTarPerm modified mode [ 'nan_implementation_12_inl.h', 436, 420 ]
287 silly gunzTarPerm extractEntry nan_implementation_pre_12_inl.h
288 silly gunzTarPerm modified mode [ 'nan_implementation_pre_12_inl.h', 436, 420 ]
289 silly gunzTarPerm extractEntry nan_maybe_43_inl.h
290 silly gunzTarPerm modified mode [ 'nan_maybe_43_inl.h', 436, 420 ]
291 silly gunzTarPerm extractEntry nan_maybe_pre_43_inl.h
292 silly gunzTarPerm modified mode [ 'nan_maybe_pre_43_inl.h', 436, 420 ]
293 silly gunzTarPerm extractEntry nan_new.h
294 silly gunzTarPerm modified mode [ 'nan_new.h', 436, 420 ]
295 silly gunzTarPerm extractEntry nan_object_wrap.h
296 silly gunzTarPerm modified mode [ 'nan_object_wrap.h', 436, 420 ]
297 silly gunzTarPerm extractEntry nan_persistent_12_inl.h
298 silly gunzTarPerm modified mode [ 'nan_persistent_12_inl.h', 436, 420 ]
299 silly gunzTarPerm extractEntry nan_persistent_pre_12_inl.h
300 silly gunzTarPerm modified mode [ 'nan_persistent_pre_12_inl.h', 436, 420 ]
301 silly gunzTarPerm extractEntry nan_string_bytes.h
302 silly gunzTarPerm modified mode [ 'nan_string_bytes.h', 436, 420 ]
303 silly gunzTarPerm extractEntry nan_typedarray_contents.h
304 silly gunzTarPerm modified mode [ 'nan_typedarray_contents.h', 436, 420 ]
305 silly gunzTarPerm extractEntry nan_weak.h
306 silly gunzTarPerm modified mode [ 'nan_weak.h', 436, 420 ]
307 silly gunzTarPerm extractEntry CHANGELOG.md
308 silly gunzTarPerm modified mode [ 'CHANGELOG.md', 436, 420 ]
309 silly gunzTarPerm extractEntry tools/package.json
310 silly gunzTarPerm modified mode [ 'tools/package.json', 436, 420 ]
311 silly gunzTarPerm extractEntry tools/README.md
312 silly gunzTarPerm modified mode [ 'tools/README.md', 436, 420 ]
313 silly gunzTarPerm extractEntry tools/1to2.js
314 silly gunzTarPerm modified mode [ 'tools/1to2.js', 509, 493 ]
315 silly gentlyRm /Users/aman/Documents/Coursera/WebDev/Meteor/week_3_image_share/node_modules/.staging/bcrypt-4cd3353d/node_modules is being purged
316 verbose gentlyRm don't care about contents; nuking /Users/aman/Documents/Coursera/WebDev/Meteor/week_3_image_share/node_modules/.staging/bcrypt-4cd3353d/node_modules
317 silly gentlyRm /Users/aman/Documents/Coursera/WebDev/Meteor/week_3_image_share/node_modules/.staging/nan-45cc6c4b/node_modules is being purged
318 verbose gentlyRm don't care about contents; nuking /Users/aman/Documents/Coursera/WebDev/Meteor/week_3_image_share/node_modules/.staging/nan-45cc6c4b/node_modules
319 silly doParallel preinstall 3
320 silly preinstall bindings@1.2.1 /Users/aman/Documents/Coursera/WebDev/Meteor/week_3_image_share/node_modules/.staging/bindings-4f70e1d4
321 info lifecycle bindings@1.2.1~preinstall: bindings@1.2.1
322 silly preinstall nan@2.3.5 /Users/aman/Documents/Coursera/WebDev/Meteor/week_3_image_share/node_modules/.staging/nan-45cc6c4b
323 info lifecycle nan@2.3.5~preinstall: nan@2.3.5
324 silly preinstall bcrypt@0.8.7 /Users/aman/Documents/Coursera/WebDev/Meteor/week_3_image_share/node_modules/.staging/bcrypt-4cd3353d
325 info lifecycle bcrypt@0.8.7~preinstall: bcrypt@0.8.7
326 silly lifecycle bindings@1.2.1~preinstall: no script for preinstall, continuing
327 silly lifecycle nan@2.3.5~preinstall: no script for preinstall, continuing
328 silly lifecycle bcrypt@0.8.7~preinstall: no script for preinstall, continuing
329 silly doReverseSerial remove 0
330 silly doSerial move 0
331 silly doSerial finalize 3
332 silly finalize /Users/aman/Documents/Coursera/WebDev/Meteor/week_3_image_share/node_modules/bindings
333 silly finalize /Users/aman/Documents/Coursera/WebDev/Meteor/week_3_image_share/node_modules/nan
334 silly finalize /Users/aman/Documents/Coursera/WebDev/Meteor/week_3_image_share/node_modules/bcrypt
335 silly doSerial build 3
336 silly build bindings@1.2.1
337 info linkStuff bindings@1.2.1
338 silly linkStuff bindings@1.2.1 has /Users/aman/Documents/Coursera/WebDev/Meteor/week_3_image_share/node_modules as its parent node_modules
339 verbose linkBins bindings@1.2.1
340 verbose linkMans bindings@1.2.1
341 silly build nan@2.3.5
342 info linkStuff nan@2.3.5
343 silly linkStuff nan@2.3.5 has /Users/aman/Documents/Coursera/WebDev/Meteor/week_3_image_share/node_modules as its parent node_modules
344 verbose linkBins nan@2.3.5
345 verbose linkMans nan@2.3.5
346 silly build bcrypt@0.8.7
347 info linkStuff bcrypt@0.8.7
348 silly linkStuff bcrypt@0.8.7 has /Users/aman/Documents/Coursera/WebDev/Meteor/week_3_image_share/node_modules as its parent node_modules
349 verbose linkBins bcrypt@0.8.7
350 verbose linkMans bcrypt@0.8.7
351 silly doSerial global-link 0
352 silly doParallel update-linked 0
353 silly doSerial install 3
354 silly install bindings@1.2.1 /Users/aman/Documents/Coursera/WebDev/Meteor/week_3_image_share/node_modules/.staging/bindings-4f70e1d4
355 info lifecycle bindings@1.2.1~install: bindings@1.2.1
356 silly lifecycle bindings@1.2.1~install: no script for install, continuing
357 silly install nan@2.3.5 /Users/aman/Documents/Coursera/WebDev/Meteor/week_3_image_share/node_modules/.staging/nan-45cc6c4b
358 info lifecycle nan@2.3.5~install: nan@2.3.5
359 silly lifecycle nan@2.3.5~install: no script for install, continuing
360 silly install bcrypt@0.8.7 /Users/aman/Documents/Coursera/WebDev/Meteor/week_3_image_share/node_modules/.staging/bcrypt-4cd3353d
361 info lifecycle bcrypt@0.8.7~install: bcrypt@0.8.7
362 verbose lifecycle bcrypt@0.8.7~install: unsafe-perm in lifecycle true
363 verbose lifecycle bcrypt@0.8.7~install: PATH: /Users/aman/.meteor/packages/meteor-tool/.1.4.2_3.v59dpp.9v7++os.osx.x86_64+web.browser+web.cordova/mt-os.osx.x86_64/dev_bundle/lib/node_modules/npm/bin/node-gyp-bin:/Users/aman/Documents/Coursera/WebDev/Meteor/week_3_image_share/node_modules/bcrypt/node_modules/.bin:/Users/aman/Documents/Coursera/WebDev/Meteor/week_3_image_share/node_modules/.bin:/Users/aman/.meteor/packages/meteor-tool/.1.4.2_3.v59dpp.9v7++os.osx.x86_64+web.browser+web.cordova/mt-os.osx.x86_64/dev_bundle/bin:/Users/aman/.meteor/packages/meteor-tool/.1.4.2_3.v59dpp.9v7++os.osx.x86_64+web.browser+web.cordova/mt-os.osx.x86_64:/Users/aman/.meteor/packages/meteor-tool/.1.4.2_3.v59dpp.9v7++os.osx.x86_64+web.browser+web.cordova/mt-os.osx.x86_64/dev_bundle/lib/node_modules/.bin:/Library/Frameworks/Python.framework/Versions/3.7/bin:/Library/Frameworks/Python.framework/Versions/3.7/bin:/anaconda3/bin:/usr/local/bin:/usr/bin:/bin:/usr/sbin:/sbin:/usr/local/share/dotnet:~/.dotnet/tools:/Library/Frameworks/Mono.framework/Versions/Current/Commands:/Library/Frameworks/Python.framework/Versions/3.7/bin:/anaconda3/bin
364 verbose lifecycle bcrypt@0.8.7~install: CWD: /Users/aman/Documents/Coursera/WebDev/Meteor/week_3_image_share/node_modules/bcrypt
365 silly lifecycle bcrypt@0.8.7~install: Args: [ '-c', 'node-gyp rebuild' ]
366 silly lifecycle bcrypt@0.8.7~install: Returned: code: 1  signal: null
367 info lifecycle bcrypt@0.8.7~install: Failed to exec install script
368 verbose unlock done using /Users/aman/.npm/_locks/staging-e821de1a8bded54f.lock for /Users/aman/Documents/Coursera/WebDev/Meteor/week_3_image_share/node_modules/.staging
369 silly rollbackFailedOptional Starting
370 silly rollbackFailedOptional Finishing
371 silly runTopLevelLifecycles Finishing
372 silly install printInstalled
373 warn week_3_image_share@1.0.0 No repository field.
374 verbose If you need help, you may report this error at:
374 verbose     <https://github.com/npm/npm/issues>
375 verbose stack Error: bcrypt@0.8.7 install: `node-gyp rebuild`
375 verbose stack Exit status 1
375 verbose stack     at EventEmitter.<anonymous> (/Users/aman/.meteor/packages/meteor-tool/.1.4.2_3.v59dpp.9v7++os.osx.x86_64+web.browser+web.cordova/mt-os.osx.x86_64/dev_bundle/lib/node_modules/npm/lib/utils/lifecycle.js:255:16)
375 verbose stack     at emitTwo (events.js:87:13)
375 verbose stack     at EventEmitter.emit (events.js:172:7)
375 verbose stack     at ChildProcess.<anonymous> (/Users/aman/.meteor/packages/meteor-tool/.1.4.2_3.v59dpp.9v7++os.osx.x86_64+web.browser+web.cordova/mt-os.osx.x86_64/dev_bundle/lib/node_modules/npm/lib/utils/spawn.js:40:14)
375 verbose stack     at emitTwo (events.js:87:13)
375 verbose stack     at ChildProcess.emit (events.js:172:7)
375 verbose stack     at maybeClose (internal/child_process.js:854:16)
375 verbose stack     at Process.ChildProcess._handle.onexit (internal/child_process.js:222:5)
376 verbose pkgid bcrypt@0.8.7
377 verbose cwd /Users/aman/Documents/Coursera/WebDev/Meteor/week_3_image_share
378 error Darwin 19.5.0
379 error argv "/Users/aman/.meteor/packages/meteor-tool/.1.4.2_3.v59dpp.9v7++os.osx.x86_64+web.browser+web.cordova/mt-os.osx.x86_64/dev_bundle/bin/node" "/Users/aman/.meteor/packages/meteor-tool/.1.4.2_3.v59dpp.9v7++os.osx.x86_64+web.browser+web.cordova/mt-os.osx.x86_64/dev_bundle/bin/npm" "install"
380 error node v4.6.2
381 error npm  v3.10.9
382 error code ELIFECYCLE
383 error bcrypt@0.8.7 install: `node-gyp rebuild`
383 error Exit status 1
384 error Failed at the bcrypt@0.8.7 install script 'node-gyp rebuild'.
384 error Make sure you have the latest version of node.js and npm installed.
384 error If you do, this is most likely a problem with the bcrypt package,
384 error not with npm itself.
384 error Tell the author that this fails on your system:
384 error     node-gyp rebuild
384 error You can get information on how to open an issue for this project with:
384 error     npm bugs bcrypt
384 error Or if that isn't available, you can get their info via:
384 error     npm owner ls bcrypt
384 error There is likely additional logging output above.
385 verbose exit [ 1, true ]
